<?xml version="1.0" encoding="UTF-8"?>
<!-- Generated by org.testng.reporters.JUnitXMLReporter -->
<testsuite hostname="IABLR-LT155" name="Default test" tests="3" failures="0" timestamp="7 Apr 2020 12:47:12 GMT" time="15.056" errors="0">
  <testcase name="login" time="5.011" classname="dataProviderPackage.DataProviderClass1"/>
  <testcase name="login" time="5.005" classname="dataProviderPackage.DataProviderClass1"/>
  <testcase name="login" time="5.005" classname="dataProviderPackage.DataProviderClass1"/>
</testsuite> <!-- Default test -->
