<?xml version="1.0" encoding="UTF-8"?>
<!-- Generated by org.testng.reporters.JUnitXMLReporter -->
<testsuite hostname="IABLR-LT155" name="Functional-Test" tests="3" failures="0" timestamp="28 Mar 2020 07:28:50 GMT" time="0.015" errors="0">
  <testcase name="createUser" time="0.002" classname="annotationPackage.AnnotationsClass"/>
  <testcase name="deleteUser" time="0.002" classname="annotationPackage.AnnotationsClass"/>
  <testcase name="userProfile" time="0.001" classname="annotationPackage.AnnotationClass2"/>
</testsuite> <!-- Functional-Test -->
