<?xml version="1.0" encoding="UTF-8"?>
<!-- Generated by org.testng.reporters.JUnitXMLReporter -->
<testsuite hostname="IABLR-LT155" name="Test" tests="3" failures="1" timestamp="4 Apr 2020 13:07:11 GMT" time="0.049" errors="0">
  <testcase name="login" time="0.011" classname="listernerpackage.UserClass"/>
  <testcase name="register" time="0.002" classname="listernerpackage.UserClass"/>
  <testcase name="adminRegister" time="0.006" classname="listernerpackage.AdminClass">
    <failure type="java.lang.AssertionError" message="expected [true] but found [false]">
      <![CDATA[java.lang.AssertionError: expected [true] but found [false]
	at listernerpackage.AdminClass.adminRegister(AdminClass.java:12)
... Removed 29 stack frames]]>
    </failure>
  </testcase> <!-- adminRegister -->
</testsuite> <!-- Test -->
