<?xml version="1.0" encoding="UTF-8"?>
<!-- Generated by org.testng.reporters.JUnitXMLReporter -->
<testsuite hostname="IABLR-LT155" name="Test" tests="1" failures="1" timestamp="30 Mar 2020 14:23:33 GMT" time="0.022" errors="0">
  <testcase name="login" time="0.01" classname="dataProviderPackage.DataProviderClass1">
    <failure type="org.testng.internal.reflect.MethodMatcherException" message="
Data provider mismatch
Method: login([Parameter{index=0, type=java.lang.String, declaredAnnotations=[]}, Parameter{index=1, type=java.lang.String, declaredAnnotations=[]}])
Arguments: [(java.lang.String)appu@gmail.com,(java.lang.String)appu123,null]">
      <![CDATA[org.testng.internal.reflect.MethodMatcherException: 
Data provider mismatch
Method: login([Parameter{index=0, type=java.lang.String, declaredAnnotations=[]}, Parameter{index=1, type=java.lang.String, declaredAnnotations=[]}])
Arguments: [(java.lang.String)appu@gmail.com,(java.lang.String)appu123,null]
... Removed 20 stack frames]]>
    </failure>
  </testcase> <!-- login -->
</testsuite> <!-- Test -->
