<?xml version="1.0" encoding="UTF-8"?>
<testng-results skipped="0" failed="0" total="3" passed="3">
  <reporter-output>
  </reporter-output>
  <suite name="Suite" duration-ms="5062" started-at="2020-04-07T12:48:18Z" finished-at="2020-04-07T12:48:23Z">
    <groups>
    </groups>
    <test name="Test" duration-ms="5062" started-at="2020-04-07T12:48:18Z" finished-at="2020-04-07T12:48:23Z">
      <class name="dataProviderPackage.DataProviderClass1">
        <test-method status="PASS" signature="login(java.lang.String, java.lang.String)[pri:0, instance:dataProviderPackage.DataProviderClass1@48eff760]" name="login" duration-ms="5021" started-at="2020-04-07T18:18:18Z" data-provider="testData" finished-at="2020-04-07T18:18:23Z">
          <params>
            <param index="0">
              <value>
                <![CDATA[raghu@gmail.com]]>
              </value>
            </param>
            <param index="1">
              <value>
                <![CDATA[raghu123]]>
              </value>
            </param>
          </params>
          <reporter-output>
          </reporter-output>
        </test-method> <!-- login -->
        <test-method status="PASS" signature="login(java.lang.String, java.lang.String)[pri:0, instance:dataProviderPackage.DataProviderClass1@48eff760]" name="login" duration-ms="5021" started-at="2020-04-07T18:18:18Z" data-provider="testData" finished-at="2020-04-07T18:18:23Z">
          <params>
            <param index="0">
              <value>
                <![CDATA[appu@gmail.com]]>
              </value>
            </param>
            <param index="1">
              <value>
                <![CDATA[appu123]]>
              </value>
            </param>
          </params>
          <reporter-output>
          </reporter-output>
        </test-method> <!-- login -->
        <test-method status="PASS" signature="login(java.lang.String, java.lang.String)[pri:0, instance:dataProviderPackage.DataProviderClass1@48eff760]" name="login" duration-ms="5021" started-at="2020-04-07T18:18:18Z" data-provider="testData" finished-at="2020-04-07T18:18:23Z">
          <params>
            <param index="0">
              <value>
                <![CDATA[shivu@gmail.com]]>
              </value>
            </param>
            <param index="1">
              <value>
                <![CDATA[shivu123]]>
              </value>
            </param>
          </params>
          <reporter-output>
          </reporter-output>
        </test-method> <!-- login -->
      </class> <!-- dataProviderPackage.DataProviderClass1 -->
    </test> <!-- Test -->
  </suite> <!-- Suite -->
</testng-results>
