<?xml version="1.0" encoding="UTF-8"?>
<testng-results skipped="0" failed="0" total="4" passed="4">
  <reporter-output>
  </reporter-output>
  <suite name="Suite" duration-ms="50052" started-at="2020-04-06T13:09:40Z" finished-at="2020-04-06T13:10:30Z">
    <groups>
    </groups>
    <test name="Test2" duration-ms="50052" started-at="2020-04-06T13:09:40Z" finished-at="2020-04-06T13:10:30Z">
      <class name="paralleltesting.Test1">
        <test-method status="PASS" signature="login()[pri:0, instance:paralleltesting.Test1@9629756]" name="login" duration-ms="50017" started-at="2020-04-06T18:39:40Z" finished-at="2020-04-06T18:40:30Z">
          <reporter-output>
          </reporter-output>
        </test-method> <!-- login -->
        <test-method status="PASS" signature="register()[pri:0, instance:paralleltesting.Test1@9629756]" name="register" duration-ms="6" started-at="2020-04-06T18:40:30Z" finished-at="2020-04-06T18:40:30Z">
          <reporter-output>
          </reporter-output>
        </test-method> <!-- register -->
      </class> <!-- paralleltesting.Test1 -->
    </test> <!-- Test2 -->
    <test name="Test1" duration-ms="50052" started-at="2020-04-06T13:09:40Z" finished-at="2020-04-06T13:10:30Z">
      <class name="paralleltesting.Test1">
        <test-method status="PASS" signature="login()[pri:0, instance:paralleltesting.Test1@7c0e2abd]" name="login" duration-ms="50017" started-at="2020-04-06T18:39:40Z" finished-at="2020-04-06T18:40:30Z">
          <reporter-output>
          </reporter-output>
        </test-method> <!-- login -->
        <test-method status="PASS" signature="register()[pri:0, instance:paralleltesting.Test1@7c0e2abd]" name="register" duration-ms="6" started-at="2020-04-06T18:40:30Z" finished-at="2020-04-06T18:40:30Z">
          <reporter-output>
          </reporter-output>
        </test-method> <!-- register -->
      </class> <!-- paralleltesting.Test1 -->
    </test> <!-- Test1 -->
  </suite> <!-- Suite -->
</testng-results>
